INFO:     Started server process [78015]
INFO:     Waiting for application startup.
[02/15/26 15:16:44] INFO     StreamableHTTP       streamable_http_manager.py:116
                             session manager                                    
                             started                                            
INFO:     Application startup complete.
ERROR:    [Errno 48] error while attempting to bind on address ('0.0.0.0', 18791): [errno 48] address already in use
INFO:     Waiting for application shutdown.
                    INFO     StreamableHTTP       streamable_http_manager.py:120
                             session manager                                    
                             shutting down                                      
INFO:     Application shutdown complete.
INFO:     Started server process [81160]
INFO:     Waiting for application startup.
[02/15/26 15:16:54] INFO     StreamableHTTP       streamable_http_manager.py:116
                             session manager                                    
                             started                                            
INFO:     Application startup complete.
ERROR:    [Errno 48] error while attempting to bind on address ('0.0.0.0', 18791): [errno 48] address already in use
INFO:     Waiting for application shutdown.
                    INFO     StreamableHTTP       streamable_http_manager.py:120
                             session manager                                    
                             shutting down                                      
INFO:     Application shutdown complete.
